<?xml version="1.0" encoding="UTF-8"?>
<testsuite xmlns:xsi="http://www.w3.org/2001/XMLSchema-instance" xsi:noNamespaceSchemaLocation="https://maven.apache.org/surefire/maven-surefire-plugin/xsd/surefire-test-report.xsd" name="TestSuite" time="24.597" tests="2" errors="0" skipped="0" failures="0">
  <properties>
[...]
</properties>
  <testcase name="scenarioOne" classname="com.lambdatest.Testng1" time="10.051"/>
  <testcase name="scenarioOne" classname="com.lambdatest.Testng1" time="16.281"/>
</testsuite>